<?xml version="1.0" encoding="UTF-8"?>
<!-- Generated by org.testng.reporters.JUnitReportReporter -->
<testsuite hostname="DESKTOP-U64FBT2" failures="0" tests="1" name="user_authentication.Login" time="6.079" errors="0" timestamp="2021-09-28T13:06:08 BDT" skipped="0">
  <testcase classname="user_authentication.Login" name="TestLogin" time="6.079"/>
  <system-out/>
</testsuite> <!-- user_authentication.Login -->
