<?xml version="1.0" encoding="UTF-8"?>
<!-- Generated by org.testng.reporters.JUnitReportReporter -->
<testsuite hostname="DESKTOP-U64FBT2" failures="0" tests="1" name="com.celt.menus.SearchNewsletter" time="5.396" errors="0" timestamp="2021-09-28T17:42:40 BDT" skipped="0">
  <testcase classname="com.celt.menus.SearchNewsletter" name="TestSearch" time="5.396"/>
  <system-out/>
</testsuite> <!-- com.celt.menus.SearchNewsletter -->
