<?xml version="1.0" encoding="UTF-8"?>
<!-- Generated by org.testng.reporters.JUnitReportReporter -->
<testsuite hostname="DESKTOP-U64FBT2" failures="0" tests="1" name="test_cases.Login" time="6.056" errors="0" timestamp="2021-09-23T19:53:20 BDT" skipped="0">
  <testcase classname="test_cases.Login" name="LoginPage" time="6.056"/>
  <system-out/>
</testsuite> <!-- test_cases.Login -->
